<?xml version="1.0" encoding="UTF-8"?>
<robot generator="Robot 4.1.3 (Python 3.9.2 on win32)" generated="20220116 11:00:20.735" rpa="false" schemaversion="2">
<suite id="s1" name="Launch" source="D:\pythonProject2\pythonProject1\weatherReports\gui\launch.robot">
<test id="s1-t1" name="launchApplication">
<kw name="Get Selenium Implicit Wait" library="SeleniumLibrary">
<var>${getWait}</var>
<doc>Gets the implicit wait value used by Selenium.</doc>
<msg timestamp="20220116 11:00:20.970" level="INFO">${getWait} = 0 seconds</msg>
<status status="PASS" starttime="20220116 11:00:20.970" endtime="20220116 11:00:20.970"/>
</kw>
<kw name="Log To Console" library="BuiltIn">
<arg>${getWait}</arg>
<doc>Logs the given message to the console.</doc>
<status status="PASS" starttime="20220116 11:00:20.971" endtime="20220116 11:00:20.971"/>
</kw>
<kw name="Set Selenium Implicit Wait" library="SeleniumLibrary">
<arg>20s</arg>
<doc>Sets the implicit wait value used by Selenium.</doc>
<status status="PASS" starttime="20220116 11:00:20.972" endtime="20220116 11:00:20.972"/>
</kw>
<kw name="Get Selenium Implicit Wait" library="SeleniumLibrary">
<var>${getWait}</var>
<doc>Gets the implicit wait value used by Selenium.</doc>
<msg timestamp="20220116 11:00:20.972" level="INFO">${getWait} = 20 seconds</msg>
<status status="PASS" starttime="20220116 11:00:20.972" endtime="20220116 11:00:20.972"/>
</kw>
<kw name="Log To Console" library="BuiltIn">
<arg>${getWait}</arg>
<doc>Logs the given message to the console.</doc>
<status status="PASS" starttime="20220116 11:00:20.973" endtime="20220116 11:00:20.973"/>
</kw>
<kw name="Open Browser" library="SeleniumLibrary">
<arg>https://www.accuweather.com/</arg>
<arg>chrome</arg>
<doc>Opens a new browser instance to the optional ``url``.</doc>
<msg timestamp="20220116 11:00:20.973" level="INFO">Opening browser 'chrome' to base url 'https://www.accuweather.com/'.</msg>
<status status="PASS" starttime="20220116 11:00:20.973" endtime="20220116 11:00:24.706"/>
</kw>
<status status="PASS" starttime="20220116 11:00:20.970" endtime="20220116 11:00:24.706"/>
</test>
<status status="PASS" starttime="20220116 11:00:20.739" endtime="20220116 11:00:24.707"/>
</suite>
<statistics>
<total>
<stat pass="1" fail="0" skip="0">All Tests</stat>
</total>
<tag>
</tag>
<suite>
<stat pass="1" fail="0" skip="0" id="s1" name="Launch">Launch</stat>
</suite>
</statistics>
<errors>
</errors>
</robot>
