<?xml version="1.0" encoding="UTF-8"?>
<robot generator="Robot 4.1.3 (Python 3.9.2 on win32)" generated="20220117 12:40:32.238" rpa="false" schemaversion="2">
<suite id="s1" name="searchCity" source="D:\pythonProject2\pythonProject1\weatherReports\gui\Testcases\searchCity\searchCity.robot">
<kw name="Launch browser" library="launch" type="SETUP">
<kw name="Evaluate" library="BuiltIn">
<var>${chrome options}</var>
<arg>sys.modules['selenium.webdriver'].ChromeOptions()</arg>
<arg>sys, selenium.webdriver</arg>
<doc>Evaluates the given expression in Python and returns the result.</doc>
<msg timestamp="20220117 12:40:33.256" level="INFO">${chrome options} = &lt;selenium.webdriver.chrome.options.Options object at 0x000002406B57AFD0&gt;</msg>
<status status="PASS" starttime="20220117 12:40:33.255" endtime="20220117 12:40:33.256"/>
</kw>
<kw name="Call Method" library="BuiltIn">
<arg>${chrome options}</arg>
<arg>add_argument</arg>
<arg>--disable-notifications</arg>
<doc>Calls the named method of the given object with the provided arguments.</doc>
<status status="PASS" starttime="20220117 12:40:33.257" endtime="20220117 12:40:33.257"/>
</kw>
<kw name="Create Webdriver" library="SeleniumLibrary">
<arg>Chrome</arg>
<arg>chrome_options=${chrome options}</arg>
<doc>Creates an instance of Selenium WebDriver.</doc>
<msg timestamp="20220117 12:40:33.258" level="INFO">Creating an instance of the Chrome WebDriver.</msg>
<status status="PASS" starttime="20220117 12:40:33.258" endtime="20220117 12:40:37.360"/>
</kw>
<kw name="Go To" library="SeleniumLibrary">
<arg>${launchApplication}</arg>
<doc>Navigates the current browser window to the provided ``url``.</doc>
<msg timestamp="20220117 12:40:37.366" level="INFO">Opening url 'http://www.accuweather.com/'</msg>
<status status="PASS" starttime="20220117 12:40:37.364" endtime="20220117 12:40:49.211"/>
</kw>
<status status="PASS" starttime="20220117 12:40:33.254" endtime="20220117 12:40:49.213"/>
</kw>
<test id="s1-t1" name="sampleTest">
<kw name="searchCityName" library="searchCity">
<kw name="Set Browser Implicit Wait" library="SeleniumLibrary">
<arg>10s</arg>
<doc>Sets the implicit wait value used by Selenium.</doc>
<status status="PASS" starttime="20220117 12:40:49.218" endtime="20220117 12:40:49.222"/>
</kw>
<kw name="Click Element" library="SeleniumLibrary">
<arg>${understand}</arg>
<doc>Click the element identified by ``locator``.</doc>
<msg timestamp="20220117 12:40:49.224" level="INFO">Clicking element '//div[contains(text(),'I Understand')]'.</msg>
<status status="PASS" starttime="20220117 12:40:49.223" endtime="20220117 12:40:49.453"/>
</kw>
<kw name="Input Text" library="SeleniumLibrary">
<arg>${enterCityName}</arg>
<arg>Gandhinagar, Gujarat, IN</arg>
<doc>Types the given ``text`` into the text field identified by ``locator``.</doc>
<msg timestamp="20220117 12:40:49.455" level="INFO">Typing text 'Gandhinagar, Gujarat, IN' into text field '//input[@name='query']'.</msg>
<status status="PASS" starttime="20220117 12:40:49.454" endtime="20220117 12:40:50.238"/>
</kw>
<kw name="Press Keys" library="SeleniumLibrary">
<arg>${enterCityName}</arg>
<arg>ENTER</arg>
<doc>Simulates the user pressing key(s) to an element or on the active browser.</doc>
<msg timestamp="20220117 12:40:50.243" level="INFO">Sending key(s) ('ENTER',) to //input[@name='query'] element.</msg>
<msg timestamp="20220117 12:40:50.624" level="INFO">Pressing special key ENTER to element.</msg>
<msg timestamp="20220117 12:40:50.624" level="INFO">Releasing special key ENTER.</msg>
<status status="PASS" starttime="20220117 12:40:50.239" endtime="20220117 12:40:50.646"/>
</kw>
<kw name="Click Element" library="SeleniumLibrary">
<arg>${moreDetails}</arg>
<doc>Click the element identified by ``locator``.</doc>
<msg timestamp="20220117 12:40:50.649" level="INFO">Clicking element '//body[1]/div[1]/div[5]/div[1]/div[1]/a[1]/div[2]/span[2]/span[1]'.</msg>
<status status="PASS" starttime="20220117 12:40:50.647" endtime="20220117 12:40:55.554"/>
</kw>
<kw name="Get Text" library="SeleniumLibrary">
<var>${temprature}</var>
<arg>${temprature}</arg>
<doc>Returns the text value of the element identified by ``locator``.</doc>
<msg timestamp="20220117 12:40:55.750" level="INFO">${temprature} = 23°C</msg>
<status status="PASS" starttime="20220117 12:40:55.555" endtime="20220117 12:40:55.751"/>
</kw>
<kw name="Create File" library="OperatingSystem">
<arg>guiTemp.txt</arg>
<arg>${temprature}</arg>
<doc>Creates a file with the given content and encoding.</doc>
<msg timestamp="20220117 12:40:55.763" level="INFO" html="true">Created file '&lt;a href="file://D:\pythonProject2\pythonProject1\weatherReports\gui\Testcases\guiTemp.txt"&gt;D:\pythonProject2\pythonProject1\weatherReports\gui\Testcases\guiTemp.txt&lt;/a&gt;'.</msg>
<status status="PASS" starttime="20220117 12:40:55.752" endtime="20220117 12:40:55.764"/>
</kw>
<status status="PASS" starttime="20220117 12:40:49.217" endtime="20220117 12:40:55.765"/>
</kw>
<status status="PASS" starttime="20220117 12:40:49.213" endtime="20220117 12:40:55.769"/>
</test>
<status status="PASS" starttime="20220117 12:40:32.257" endtime="20220117 12:40:55.777"/>
</suite>
<statistics>
<total>
<stat pass="1" fail="0" skip="0">All Tests</stat>
</total>
<tag>
</tag>
<suite>
<stat pass="1" fail="0" skip="0" id="s1" name="searchCity">searchCity</stat>
</suite>
</statistics>
<errors>
</errors>
</robot>
